<?xml version="1.0" encoding="UTF-8" ?>
<testsuite failures="0" time="5.489" errors="0" skipped="0" tests="5" name="ph.com.pinoyspringers.salesasst.domain.SalesProfileValidationTest">
  <properties>
    <property name="java.runtime.name" value="Java(TM) SE Runtime Environment"/>
    <property name="sun.boot.library.path" value="C:\Program Files\Java\jdk1.6.0\jre\bin"/>
    <property name="java.vm.version" value="1.6.0-b105"/>
    <property name="java.vm.vendor" value="Sun Microsystems Inc."/>
    <property name="java.vendor.url" value="http://java.sun.com/"/>
    <property name="path.separator" value=";"/>
    <property name="java.vm.name" value="Java HotSpot(TM) Client VM"/>
    <property name="file.encoding.pkg" value="sun.io"/>
    <property name="user.country" value="US"/>
    <property name="sun.java.launcher" value="SUN_STANDARD"/>
    <property name="sun.os.patch.level" value=""/>
    <property name="java.vm.specification.name" value="Java Virtual Machine Specification"/>
    <property name="user.dir" value="C:\Users\JSEE\IdeaProjects\pinoyspringers"/>
    <property name="java.runtime.version" value="1.6.0-b105"/>
    <property name="java.awt.graphicsenv" value="sun.awt.Win32GraphicsEnvironment"/>
    <property name="basedir" value="C:\Users\JSEE\IdeaProjects\pinoyspringers"/>
    <property name="java.endorsed.dirs" value="C:\Program Files\Java\jdk1.6.0\jre\lib\endorsed"/>
    <property name="os.arch" value="x86"/>
    <property name="surefire.real.class.path" value="C:\Users\JSEE\AppData\Local\Temp\surefirebooter62156.jar"/>
    <property name="java.io.tmpdir" value="C:\Users\JSEE\AppData\Local\Temp\"/>
    <property name="line.separator" value="
"/>
    <property name="java.vm.specification.vendor" value="Sun Microsystems Inc."/>
    <property name="user.variant" value=""/>
    <property name="os.name" value="Windows Vista"/>
    <property name="sun.jnu.encoding" value="Cp1252"/>
    <property name="java.library.path" value="C:\Program Files\Java\jdk1.6.0\jre\bin;.;C:\Windows\Sun\Java\bin;C:\Windows\system32;C:\Windows;C:\Windows\system32;C:\Windows;C:\Windows\System32\Wbem;C:\PROGRA~1\COMMON~1\ULEADS~1\MPEG;C:\Users\JSEE\Documents\android-sdk-windows-1.0_r1\android-sdk-windows-1.0_r1\tools;C:\Users\JSEE\Documents\apache-maven-2.2.0-bin\apache-maven-2.2.0\bin;C:\Users\JSEE\Documents\grails-bin-1.1.1\grails-1.1.1\bin;C:\Users\JSEE\Documents\appengine-java-sdk-1.2.1\appengine-java-sdk-1.2.1\bin;C:\Users\JSEE\Documents\spring-roo-1.0.0.M2\spring-roo-1.0.0.M2\bin;C:\Program Files\MySQL\MySQL Server 5.4\bin;C:\Program Files\QuickTime\QTSystem\;c:\program files\jetbrains\intellij idea community edition 9.0.1\jre\jre\bin"/>
    <property name="surefire.test.class.path" value="C:\Users\JSEE\IdeaProjects\pinoyspringers\target\test-classes;C:\Users\JSEE\IdeaProjects\pinoyspringers\target\classes;C:\Users\JSEE\.m2\repository\org\junit\com.springsource.org.junit\4.7.0\com.springsource.org.junit-4.7.0.jar;C:\Users\JSEE\.m2\repository\org\apache\log4j\com.springsource.org.apache.log4j\1.2.15\com.springsource.org.apache.log4j-1.2.15.jar;C:\Users\JSEE\.m2\repository\org\apache\commons\com.springsource.org.apache.commons.logging\1.1.1\com.springsource.org.apache.commons.logging-1.1.1.jar;C:\Users\JSEE\.m2\repository\org\aspectj\com.springsource.org.aspectj.runtime\1.6.5.RELEASE\com.springsource.org.aspectj.runtime-1.6.5.RELEASE.jar;C:\Users\JSEE\.m2\repository\org\aspectj\com.springsource.org.aspectj.weaver\1.6.5.RELEASE\com.springsource.org.aspectj.weaver-1.6.5.RELEASE.jar;C:\Users\JSEE\.m2\repository\javax\servlet\com.springsource.javax.servlet\2.5.0\com.springsource.javax.servlet-2.5.0.jar;C:\Users\JSEE\.m2\repository\org\apache\xerces\com.springsource.org.apache.xerces\2.9.1\com.springsource.org.apache.xerces-2.9.1.jar;C:\Users\JSEE\.m2\repository\org\apache\xml\com.springsource.org.apache.xml.resolver\1.2.0\com.springsource.org.apache.xml.resolver-1.2.0.jar;C:\Users\JSEE\.m2\repository\org\apache\xmlcommons\com.springsource.org.apache.xmlcommons\1.3.4\com.springsource.org.apache.xmlcommons-1.3.4.jar;C:\Users\JSEE\.m2\repository\org\springframework\org.springframework.core\3.0.3.RELEASE\org.springframework.core-3.0.3.RELEASE.jar;C:\Users\JSEE\.m2\repository\org\springframework\org.springframework.test\3.0.3.RELEASE\org.springframework.test-3.0.3.RELEASE.jar;C:\Users\JSEE\.m2\repository\org\springframework\org.springframework.context\3.0.3.RELEASE\org.springframework.context-3.0.3.RELEASE.jar;C:\Users\JSEE\.m2\repository\org\springframework\org.springframework.asm\3.0.3.RELEASE\org.springframework.asm-3.0.3.RELEASE.jar;C:\Users\JSEE\.m2\repository\org\springframework\org.springframework.aop\3.0.3.RELEASE\org.springframework.aop-3.0.3.RELEASE.jar;C:\Users\JSEE\.m2\repository\org\aopalliance\com.springsource.org.aopalliance\1.0.0\com.springsource.org.aopalliance-1.0.0.jar;C:\Users\JSEE\.m2\repository\org\springframework\org.springframework.beans\3.0.3.RELEASE\org.springframework.beans-3.0.3.RELEASE.jar;C:\Users\JSEE\.m2\repository\org\springframework\org.springframework.expression\3.0.3.RELEASE\org.springframework.expression-3.0.3.RELEASE.jar;C:\Users\JSEE\.m2\repository\org\springframework\org.springframework.context.support\3.0.3.RELEASE\org.springframework.context.support-3.0.3.RELEASE.jar;C:\Users\JSEE\.m2\repository\org\springframework\org.springframework.web\3.0.3.RELEASE\org.springframework.web-3.0.3.RELEASE.jar;C:\Users\JSEE\.m2\repository\org\springframework\webflow\org.springframework.js\2.0.9.RELEASE\org.springframework.js-2.0.9.RELEASE.jar;C:\Users\JSEE\.m2\repository\org\springframework\org.springframework.web.servlet\3.0.3.RELEASE\org.springframework.web.servlet-3.0.3.RELEASE.jar;C:\Users\JSEE\.m2\repository\org\springframework\org.springframework.aspects\3.0.3.RELEASE\org.springframework.aspects-3.0.3.RELEASE.jar;C:\Users\JSEE\.m2\repository\org\springframework\org.springframework.orm\3.0.3.RELEASE\org.springframework.orm-3.0.3.RELEASE.jar;C:\Users\JSEE\.m2\repository\org\springframework\org.springframework.jdbc\3.0.3.RELEASE\org.springframework.jdbc-3.0.3.RELEASE.jar;C:\Users\JSEE\.m2\repository\org\springframework\org.springframework.transaction\3.0.3.RELEASE\org.springframework.transaction-3.0.3.RELEASE.jar;C:\Users\JSEE\.m2\repository\org\slf4j\com.springsource.slf4j.log4j\1.5.10\com.springsource.slf4j.log4j-1.5.10.jar;C:\Users\JSEE\.m2\repository\org\slf4j\com.springsource.slf4j.api\1.5.10\com.springsource.slf4j.api-1.5.10.jar;C:\Users\JSEE\.m2\repository\org\hibernate\com.springsource.org.hibernate.validator\4.0.2.GA\com.springsource.org.hibernate.validator-4.0.2.GA.jar;C:\Users\JSEE\.m2\repository\javax\validation\com.springsource.javax.validation\1.0.0.GA\com.springsource.javax.validation-1.0.0.GA.jar;C:\Users\JSEE\.m2\repository\org\hibernate\hibernate-entitymanager\3.5.1-Final\hibernate-entitymanager-3.5.1-Final.jar;C:\Users\JSEE\.m2\repository\org\hibernate\hibernate-core\3.5.1-Final\hibernate-core-3.5.1-Final.jar;C:\Users\JSEE\.m2\repository\antlr\antlr\2.7.6\antlr-2.7.6.jar;C:\Users\JSEE\.m2\repository\commons-collections\commons-collections\3.1\commons-collections-3.1.jar;C:\Users\JSEE\.m2\repository\dom4j\dom4j\1.6.1\dom4j-1.6.1.jar;C:\Users\JSEE\.m2\repository\xml-apis\xml-apis\1.0.b2\xml-apis-1.0.b2.jar;C:\Users\JSEE\.m2\repository\org\hibernate\hibernate-annotations\3.5.1-Final\hibernate-annotations-3.5.1-Final.jar;C:\Users\JSEE\.m2\repository\org\hibernate\hibernate-commons-annotations\3.2.0.Final\hibernate-commons-annotations-3.2.0.Final.jar;C:\Users\JSEE\.m2\repository\org\hibernate\javax\persistence\hibernate-jpa-2.0-api\1.0.0.Final\hibernate-jpa-2.0-api-1.0.0.Final.jar;C:\Users\JSEE\.m2\repository\cglib\cglib\2.2\cglib-2.2.jar;C:\Users\JSEE\.m2\repository\asm\asm\3.1\asm-3.1.jar;C:\Users\JSEE\.m2\repository\javassist\javassist\3.9.0.GA\javassist-3.9.0.GA.jar;C:\Users\JSEE\.m2\repository\org\hibernate\java-persistence\jpa-api\2.0-cr-1\jpa-api-2.0-cr-1.jar;C:\Users\JSEE\.m2\repository\javax\transaction\com.springsource.javax.transaction\1.1.0\com.springsource.javax.transaction-1.1.0.jar;C:\Users\JSEE\.m2\repository\com\mysql\jdbc\com.springsource.com.mysql.jdbc\5.1.6\com.springsource.com.mysql.jdbc-5.1.6.jar;C:\Users\JSEE\.m2\repository\org\postgresql\com.springsource.org.postgresql.jdbc4\8.3.604\com.springsource.org.postgresql.jdbc4-8.3.604.jar;C:\Users\JSEE\.m2\repository\org\hibernate\hibernate-c3p0\3.3.1.GA\hibernate-c3p0-3.3.1.GA.jar;C:\Users\JSEE\.m2\repository\c3p0\c3p0\0.9.1\c3p0-0.9.1.jar;C:\Users\JSEE\.m2\repository\org\slf4j\slf4j-api\1.5.2\slf4j-api-1.5.2.jar;C:\Users\JSEE\.m2\repository\org\apache\commons\com.springsource.org.apache.commons.dbcp\1.2.2.osgi\com.springsource.org.apache.commons.dbcp-1.2.2.osgi.jar;C:\Users\JSEE\.m2\repository\org\apache\commons\com.springsource.org.apache.commons.pool\1.3.0\com.springsource.org.apache.commons.pool-1.3.0.jar;C:\Users\JSEE\.m2\repository\org\apache\commons\com.springsource.org.apache.commons.fileupload\1.2.0\com.springsource.org.apache.commons.fileupload-1.2.0.jar;C:\Users\JSEE\.m2\repository\org\apache\commons\com.springsource.org.apache.commons.io\1.4.0\com.springsource.org.apache.commons.io-1.4.0.jar;C:\Users\JSEE\.m2\repository\org\tuckey\com.springsource.org.tuckey.web.filters.urlrewrite\3.1.0\com.springsource.org.tuckey.web.filters.urlrewrite-3.1.0.jar;C:\Users\JSEE\.m2\repository\javax\servlet\com.springsource.javax.servlet.jsp.jstl\1.2.0\com.springsource.javax.servlet.jsp.jstl-1.2.0.jar;C:\Users\JSEE\.m2\repository\org\apache\taglibs\com.springsource.org.apache.taglibs.standard\1.1.2\com.springsource.org.apache.taglibs.standard-1.1.2.jar;C:\Users\JSEE\.m2\repository\javax\inject\com.springsource.javax.inject\1.0.0\com.springsource.javax.inject-1.0.0.jar;C:\Users\JSEE\.m2\repository\javax\annotation\com.springsource.javax.annotation\1.0.0\com.springsource.javax.annotation-1.0.0.jar;C:\Users\JSEE\.m2\repository\org\apache\tiles\com.springsource.org.apache.tiles\2.1.3\com.springsource.org.apache.tiles-2.1.3.jar;C:\Users\JSEE\.m2\repository\org\apache\tiles\com.springsource.org.apache.tiles.core\2.1.3\com.springsource.org.apache.tiles.core-2.1.3.jar;C:\Users\JSEE\.m2\repository\org\apache\commons\com.springsource.org.apache.commons.digester\1.8.1\com.springsource.org.apache.commons.digester-1.8.1.jar;C:\Users\JSEE\.m2\repository\org\apache\commons\com.springsource.org.apache.commons.beanutils\1.8.0\com.springsource.org.apache.commons.beanutils-1.8.0.jar;C:\Users\JSEE\.m2\repository\org\apache\commons\com.springsource.org.apache.commons.collections\3.2.0\com.springsource.org.apache.commons.collections-3.2.0.jar;C:\Users\JSEE\.m2\repository\org\apache\tiles\com.springsource.org.apache.tiles.servlet\2.1.3\com.springsource.org.apache.tiles.servlet-2.1.3.jar;C:\Users\JSEE\.m2\repository\org\apache\tiles\com.springsource.org.apache.tiles.jsp\2.1.3\com.springsource.org.apache.tiles.jsp-2.1.3.jar;C:\Users\JSEE\.m2\repository\org\apache\tiles\com.springsource.org.apache.tiles.compat\2.1.3\com.springsource.org.apache.tiles.compat-2.1.3.jar;C:\Users\JSEE\.m2\repository\org\apache\tiles\com.springsource.org.apache.tiles.portlet\2.1.3\com.springsource.org.apache.tiles.portlet-2.1.3.jar;C:\Users\JSEE\.m2\repository\org\springframework\webflow\org.springframework.webflow\2.0.9.RELEASE\org.springframework.webflow-2.0.9.RELEASE.jar;C:\Users\JSEE\.m2\repository\org\springframework\webflow\org.springframework.binding\2.0.9.RELEASE\org.springframework.binding-2.0.9.RELEASE.jar;C:\Users\JSEE\.m2\repository\org\springframework\webflow\org.springframework.faces\2.0.9.RELEASE\org.springframework.faces-2.0.9.RELEASE.jar;C:\Users\JSEE\.m2\repository\org\jboss\el\com.springsource.org.jboss.el\2.0.0.GA\com.springsource.org.jboss.el-2.0.0.GA.jar;C:\Users\JSEE\.m2\repository\org\springframework\security\spring-security-core\3.1.0.CI-SNAPSHOT\spring-security-core-3.1.0.CI-SNAPSHOT.jar;C:\Users\JSEE\.m2\repository\org\springframework\spring-expression\3.0.3.RELEASE\spring-expression-3.0.3.RELEASE.jar;C:\Users\JSEE\.m2\repository\org\springframework\spring-core\3.0.3.RELEASE\spring-core-3.0.3.RELEASE.jar;C:\Users\JSEE\.m2\repository\org\springframework\spring-asm\3.0.3.RELEASE\spring-asm-3.0.3.RELEASE.jar;C:\Users\JSEE\.m2\repository\commons-logging\commons-logging\1.1.1\commons-logging-1.1.1.jar;C:\Users\JSEE\.m2\repository\org\springframework\spring-context\3.0.3.RELEASE\spring-context-3.0.3.RELEASE.jar;C:\Users\JSEE\.m2\repository\org\springframework\spring-aop\3.0.3.RELEASE\spring-aop-3.0.3.RELEASE.jar;C:\Users\JSEE\.m2\repository\aopalliance\aopalliance\1.0\aopalliance-1.0.jar;C:\Users\JSEE\.m2\repository\org\springframework\spring-beans\3.0.3.RELEASE\spring-beans-3.0.3.RELEASE.jar;C:\Users\JSEE\.m2\repository\org\springframework\spring-tx\3.0.3.RELEASE\spring-tx-3.0.3.RELEASE.jar;C:\Users\JSEE\.m2\repository\org\aspectj\aspectjrt\1.6.8\aspectjrt-1.6.8.jar;C:\Users\JSEE\.m2\repository\org\aspectj\aspectjweaver\1.6.8\aspectjweaver-1.6.8.jar;C:\Users\JSEE\.m2\repository\org\springframework\security\spring-security-web\3.1.0.CI-SNAPSHOT\spring-security-web-3.1.0.CI-SNAPSHOT.jar;C:\Users\JSEE\.m2\repository\org\springframework\spring-web\3.0.3.RELEASE\spring-web-3.0.3.RELEASE.jar;C:\Users\JSEE\.m2\repository\org\springframework\security\spring-security-config\3.1.0.CI-SNAPSHOT\spring-security-config-3.1.0.CI-SNAPSHOT.jar;C:\Users\JSEE\.m2\repository\org\springframework\security\org.springframework.security.taglibs\3.0.2.RELEASE\org.springframework.security.taglibs-3.0.2.RELEASE.jar;C:\Users\JSEE\.m2\repository\org\springframework\security\spring-security-aspects\3.1.0.CI-SNAPSHOT\spring-security-aspects-3.1.0.CI-SNAPSHOT.jar;C:\Users\JSEE\.m2\repository\org\springframework\security\spring-security-samples-aspectj\3.1.0.CI-SNAPSHOT\spring-security-samples-aspectj-3.1.0.CI-SNAPSHOT.jar;C:\Users\JSEE\.m2\repository\net\sourceforge\ehcache\com.springsource.net.sf.ehcache\1.4.1\com.springsource.net.sf.ehcache-1.4.1.jar;C:\Users\JSEE\.m2\repository\net\sourceforge\jsr107cache\com.springsource.net.sf.jsr107cache\1.0.0\com.springsource.net.sf.jsr107cache-1.0.0.jar;C:\Users\JSEE\.m2\repository\edu\emory\mathcs\backport\com.springsource.edu.emory.mathcs.backport\3.1.0\com.springsource.edu.emory.mathcs.backport-3.1.0.jar;"/>
    <property name="java.specification.name" value="Java Platform API Specification"/>
    <property name="java.class.version" value="50.0"/>
    <property name="sun.management.compiler" value="HotSpot Client Compiler"/>
    <property name="os.version" value="6.0"/>
    <property name="user.home" value="C:\Users\JSEE"/>
    <property name="user.timezone" value="Asia/Shanghai"/>
    <property name="java.awt.printerjob" value="sun.awt.windows.WPrinterJob"/>
    <property name="java.specification.version" value="1.6"/>
    <property name="file.encoding" value="Cp1252"/>
    <property name="user.name" value="JSEE"/>
    <property name="java.class.path" value="C:\Users\JSEE\IdeaProjects\pinoyspringers\target\test-classes;C:\Users\JSEE\IdeaProjects\pinoyspringers\target\classes;C:\Users\JSEE\.m2\repository\org\junit\com.springsource.org.junit\4.7.0\com.springsource.org.junit-4.7.0.jar;C:\Users\JSEE\.m2\repository\org\apache\log4j\com.springsource.org.apache.log4j\1.2.15\com.springsource.org.apache.log4j-1.2.15.jar;C:\Users\JSEE\.m2\repository\org\apache\commons\com.springsource.org.apache.commons.logging\1.1.1\com.springsource.org.apache.commons.logging-1.1.1.jar;C:\Users\JSEE\.m2\repository\org\aspectj\com.springsource.org.aspectj.runtime\1.6.5.RELEASE\com.springsource.org.aspectj.runtime-1.6.5.RELEASE.jar;C:\Users\JSEE\.m2\repository\org\aspectj\com.springsource.org.aspectj.weaver\1.6.5.RELEASE\com.springsource.org.aspectj.weaver-1.6.5.RELEASE.jar;C:\Users\JSEE\.m2\repository\javax\servlet\com.springsource.javax.servlet\2.5.0\com.springsource.javax.servlet-2.5.0.jar;C:\Users\JSEE\.m2\repository\org\apache\xerces\com.springsource.org.apache.xerces\2.9.1\com.springsource.org.apache.xerces-2.9.1.jar;C:\Users\JSEE\.m2\repository\org\apache\xml\com.springsource.org.apache.xml.resolver\1.2.0\com.springsource.org.apache.xml.resolver-1.2.0.jar;C:\Users\JSEE\.m2\repository\org\apache\xmlcommons\com.springsource.org.apache.xmlcommons\1.3.4\com.springsource.org.apache.xmlcommons-1.3.4.jar;C:\Users\JSEE\.m2\repository\org\springframework\org.springframework.core\3.0.3.RELEASE\org.springframework.core-3.0.3.RELEASE.jar;C:\Users\JSEE\.m2\repository\org\springframework\org.springframework.test\3.0.3.RELEASE\org.springframework.test-3.0.3.RELEASE.jar;C:\Users\JSEE\.m2\repository\org\springframework\org.springframework.context\3.0.3.RELEASE\org.springframework.context-3.0.3.RELEASE.jar;C:\Users\JSEE\.m2\repository\org\springframework\org.springframework.asm\3.0.3.RELEASE\org.springframework.asm-3.0.3.RELEASE.jar;C:\Users\JSEE\.m2\repository\org\springframework\org.springframework.aop\3.0.3.RELEASE\org.springframework.aop-3.0.3.RELEASE.jar;C:\Users\JSEE\.m2\repository\org\aopalliance\com.springsource.org.aopalliance\1.0.0\com.springsource.org.aopalliance-1.0.0.jar;C:\Users\JSEE\.m2\repository\org\springframework\org.springframework.beans\3.0.3.RELEASE\org.springframework.beans-3.0.3.RELEASE.jar;C:\Users\JSEE\.m2\repository\org\springframework\org.springframework.expression\3.0.3.RELEASE\org.springframework.expression-3.0.3.RELEASE.jar;C:\Users\JSEE\.m2\repository\org\springframework\org.springframework.context.support\3.0.3.RELEASE\org.springframework.context.support-3.0.3.RELEASE.jar;C:\Users\JSEE\.m2\repository\org\springframework\org.springframework.web\3.0.3.RELEASE\org.springframework.web-3.0.3.RELEASE.jar;C:\Users\JSEE\.m2\repository\org\springframework\webflow\org.springframework.js\2.0.9.RELEASE\org.springframework.js-2.0.9.RELEASE.jar;C:\Users\JSEE\.m2\repository\org\springframework\org.springframework.web.servlet\3.0.3.RELEASE\org.springframework.web.servlet-3.0.3.RELEASE.jar;C:\Users\JSEE\.m2\repository\org\springframework\org.springframework.aspects\3.0.3.RELEASE\org.springframework.aspects-3.0.3.RELEASE.jar;C:\Users\JSEE\.m2\repository\org\springframework\org.springframework.orm\3.0.3.RELEASE\org.springframework.orm-3.0.3.RELEASE.jar;C:\Users\JSEE\.m2\repository\org\springframework\org.springframework.jdbc\3.0.3.RELEASE\org.springframework.jdbc-3.0.3.RELEASE.jar;C:\Users\JSEE\.m2\repository\org\springframework\org.springframework.transaction\3.0.3.RELEASE\org.springframework.transaction-3.0.3.RELEASE.jar;C:\Users\JSEE\.m2\repository\org\slf4j\com.springsource.slf4j.log4j\1.5.10\com.springsource.slf4j.log4j-1.5.10.jar;C:\Users\JSEE\.m2\repository\org\slf4j\com.springsource.slf4j.api\1.5.10\com.springsource.slf4j.api-1.5.10.jar;C:\Users\JSEE\.m2\repository\org\hibernate\com.springsource.org.hibernate.validator\4.0.2.GA\com.springsource.org.hibernate.validator-4.0.2.GA.jar;C:\Users\JSEE\.m2\repository\javax\validation\com.springsource.javax.validation\1.0.0.GA\com.springsource.javax.validation-1.0.0.GA.jar;C:\Users\JSEE\.m2\repository\org\hibernate\hibernate-entitymanager\3.5.1-Final\hibernate-entitymanager-3.5.1-Final.jar;C:\Users\JSEE\.m2\repository\org\hibernate\hibernate-core\3.5.1-Final\hibernate-core-3.5.1-Final.jar;C:\Users\JSEE\.m2\repository\antlr\antlr\2.7.6\antlr-2.7.6.jar;C:\Users\JSEE\.m2\repository\commons-collections\commons-collections\3.1\commons-collections-3.1.jar;C:\Users\JSEE\.m2\repository\dom4j\dom4j\1.6.1\dom4j-1.6.1.jar;C:\Users\JSEE\.m2\repository\xml-apis\xml-apis\1.0.b2\xml-apis-1.0.b2.jar;C:\Users\JSEE\.m2\repository\org\hibernate\hibernate-annotations\3.5.1-Final\hibernate-annotations-3.5.1-Final.jar;C:\Users\JSEE\.m2\repository\org\hibernate\hibernate-commons-annotations\3.2.0.Final\hibernate-commons-annotations-3.2.0.Final.jar;C:\Users\JSEE\.m2\repository\org\hibernate\javax\persistence\hibernate-jpa-2.0-api\1.0.0.Final\hibernate-jpa-2.0-api-1.0.0.Final.jar;C:\Users\JSEE\.m2\repository\cglib\cglib\2.2\cglib-2.2.jar;C:\Users\JSEE\.m2\repository\asm\asm\3.1\asm-3.1.jar;C:\Users\JSEE\.m2\repository\javassist\javassist\3.9.0.GA\javassist-3.9.0.GA.jar;C:\Users\JSEE\.m2\repository\org\hibernate\java-persistence\jpa-api\2.0-cr-1\jpa-api-2.0-cr-1.jar;C:\Users\JSEE\.m2\repository\javax\transaction\com.springsource.javax.transaction\1.1.0\com.springsource.javax.transaction-1.1.0.jar;C:\Users\JSEE\.m2\repository\com\mysql\jdbc\com.springsource.com.mysql.jdbc\5.1.6\com.springsource.com.mysql.jdbc-5.1.6.jar;C:\Users\JSEE\.m2\repository\org\postgresql\com.springsource.org.postgresql.jdbc4\8.3.604\com.springsource.org.postgresql.jdbc4-8.3.604.jar;C:\Users\JSEE\.m2\repository\org\hibernate\hibernate-c3p0\3.3.1.GA\hibernate-c3p0-3.3.1.GA.jar;C:\Users\JSEE\.m2\repository\c3p0\c3p0\0.9.1\c3p0-0.9.1.jar;C:\Users\JSEE\.m2\repository\org\slf4j\slf4j-api\1.5.2\slf4j-api-1.5.2.jar;C:\Users\JSEE\.m2\repository\org\apache\commons\com.springsource.org.apache.commons.dbcp\1.2.2.osgi\com.springsource.org.apache.commons.dbcp-1.2.2.osgi.jar;C:\Users\JSEE\.m2\repository\org\apache\commons\com.springsource.org.apache.commons.pool\1.3.0\com.springsource.org.apache.commons.pool-1.3.0.jar;C:\Users\JSEE\.m2\repository\org\apache\commons\com.springsource.org.apache.commons.fileupload\1.2.0\com.springsource.org.apache.commons.fileupload-1.2.0.jar;C:\Users\JSEE\.m2\repository\org\apache\commons\com.springsource.org.apache.commons.io\1.4.0\com.springsource.org.apache.commons.io-1.4.0.jar;C:\Users\JSEE\.m2\repository\org\tuckey\com.springsource.org.tuckey.web.filters.urlrewrite\3.1.0\com.springsource.org.tuckey.web.filters.urlrewrite-3.1.0.jar;C:\Users\JSEE\.m2\repository\javax\servlet\com.springsource.javax.servlet.jsp.jstl\1.2.0\com.springsource.javax.servlet.jsp.jstl-1.2.0.jar;C:\Users\JSEE\.m2\repository\org\apache\taglibs\com.springsource.org.apache.taglibs.standard\1.1.2\com.springsource.org.apache.taglibs.standard-1.1.2.jar;C:\Users\JSEE\.m2\repository\javax\inject\com.springsource.javax.inject\1.0.0\com.springsource.javax.inject-1.0.0.jar;C:\Users\JSEE\.m2\repository\javax\annotation\com.springsource.javax.annotation\1.0.0\com.springsource.javax.annotation-1.0.0.jar;C:\Users\JSEE\.m2\repository\org\apache\tiles\com.springsource.org.apache.tiles\2.1.3\com.springsource.org.apache.tiles-2.1.3.jar;C:\Users\JSEE\.m2\repository\org\apache\tiles\com.springsource.org.apache.tiles.core\2.1.3\com.springsource.org.apache.tiles.core-2.1.3.jar;C:\Users\JSEE\.m2\repository\org\apache\commons\com.springsource.org.apache.commons.digester\1.8.1\com.springsource.org.apache.commons.digester-1.8.1.jar;C:\Users\JSEE\.m2\repository\org\apache\commons\com.springsource.org.apache.commons.beanutils\1.8.0\com.springsource.org.apache.commons.beanutils-1.8.0.jar;C:\Users\JSEE\.m2\repository\org\apache\commons\com.springsource.org.apache.commons.collections\3.2.0\com.springsource.org.apache.commons.collections-3.2.0.jar;C:\Users\JSEE\.m2\repository\org\apache\tiles\com.springsource.org.apache.tiles.servlet\2.1.3\com.springsource.org.apache.tiles.servlet-2.1.3.jar;C:\Users\JSEE\.m2\repository\org\apache\tiles\com.springsource.org.apache.tiles.jsp\2.1.3\com.springsource.org.apache.tiles.jsp-2.1.3.jar;C:\Users\JSEE\.m2\repository\org\apache\tiles\com.springsource.org.apache.tiles.compat\2.1.3\com.springsource.org.apache.tiles.compat-2.1.3.jar;C:\Users\JSEE\.m2\repository\org\apache\tiles\com.springsource.org.apache.tiles.portlet\2.1.3\com.springsource.org.apache.tiles.portlet-2.1.3.jar;C:\Users\JSEE\.m2\repository\org\springframework\webflow\org.springframework.webflow\2.0.9.RELEASE\org.springframework.webflow-2.0.9.RELEASE.jar;C:\Users\JSEE\.m2\repository\org\springframework\webflow\org.springframework.binding\2.0.9.RELEASE\org.springframework.binding-2.0.9.RELEASE.jar;C:\Users\JSEE\.m2\repository\org\springframework\webflow\org.springframework.faces\2.0.9.RELEASE\org.springframework.faces-2.0.9.RELEASE.jar;C:\Users\JSEE\.m2\repository\org\jboss\el\com.springsource.org.jboss.el\2.0.0.GA\com.springsource.org.jboss.el-2.0.0.GA.jar;C:\Users\JSEE\.m2\repository\org\springframework\security\spring-security-core\3.1.0.CI-SNAPSHOT\spring-security-core-3.1.0.CI-SNAPSHOT.jar;C:\Users\JSEE\.m2\repository\org\springframework\spring-expression\3.0.3.RELEASE\spring-expression-3.0.3.RELEASE.jar;C:\Users\JSEE\.m2\repository\org\springframework\spring-core\3.0.3.RELEASE\spring-core-3.0.3.RELEASE.jar;C:\Users\JSEE\.m2\repository\org\springframework\spring-asm\3.0.3.RELEASE\spring-asm-3.0.3.RELEASE.jar;C:\Users\JSEE\.m2\repository\commons-logging\commons-logging\1.1.1\commons-logging-1.1.1.jar;C:\Users\JSEE\.m2\repository\org\springframework\spring-context\3.0.3.RELEASE\spring-context-3.0.3.RELEASE.jar;C:\Users\JSEE\.m2\repository\org\springframework\spring-aop\3.0.3.RELEASE\spring-aop-3.0.3.RELEASE.jar;C:\Users\JSEE\.m2\repository\aopalliance\aopalliance\1.0\aopalliance-1.0.jar;C:\Users\JSEE\.m2\repository\org\springframework\spring-beans\3.0.3.RELEASE\spring-beans-3.0.3.RELEASE.jar;C:\Users\JSEE\.m2\repository\org\springframework\spring-tx\3.0.3.RELEASE\spring-tx-3.0.3.RELEASE.jar;C:\Users\JSEE\.m2\repository\org\aspectj\aspectjrt\1.6.8\aspectjrt-1.6.8.jar;C:\Users\JSEE\.m2\repository\org\aspectj\aspectjweaver\1.6.8\aspectjweaver-1.6.8.jar;C:\Users\JSEE\.m2\repository\org\springframework\security\spring-security-web\3.1.0.CI-SNAPSHOT\spring-security-web-3.1.0.CI-SNAPSHOT.jar;C:\Users\JSEE\.m2\repository\org\springframework\spring-web\3.0.3.RELEASE\spring-web-3.0.3.RELEASE.jar;C:\Users\JSEE\.m2\repository\org\springframework\security\spring-security-config\3.1.0.CI-SNAPSHOT\spring-security-config-3.1.0.CI-SNAPSHOT.jar;C:\Users\JSEE\.m2\repository\org\springframework\security\org.springframework.security.taglibs\3.0.2.RELEASE\org.springframework.security.taglibs-3.0.2.RELEASE.jar;C:\Users\JSEE\.m2\repository\org\springframework\security\spring-security-aspects\3.1.0.CI-SNAPSHOT\spring-security-aspects-3.1.0.CI-SNAPSHOT.jar;C:\Users\JSEE\.m2\repository\org\springframework\security\spring-security-samples-aspectj\3.1.0.CI-SNAPSHOT\spring-security-samples-aspectj-3.1.0.CI-SNAPSHOT.jar;C:\Users\JSEE\.m2\repository\net\sourceforge\ehcache\com.springsource.net.sf.ehcache\1.4.1\com.springsource.net.sf.ehcache-1.4.1.jar;C:\Users\JSEE\.m2\repository\net\sourceforge\jsr107cache\com.springsource.net.sf.jsr107cache\1.0.0\com.springsource.net.sf.jsr107cache-1.0.0.jar;C:\Users\JSEE\.m2\repository\edu\emory\mathcs\backport\com.springsource.edu.emory.mathcs.backport\3.1.0\com.springsource.edu.emory.mathcs.backport-3.1.0.jar;"/>
    <property name="java.vm.specification.version" value="1.0"/>
    <property name="sun.arch.data.model" value="32"/>
    <property name="java.home" value="C:\Program Files\Java\jdk1.6.0\jre"/>
    <property name="java.specification.vendor" value="Sun Microsystems Inc."/>
    <property name="user.language" value="en"/>
    <property name="awt.toolkit" value="sun.awt.windows.WToolkit"/>
    <property name="java.vm.info" value="mixed mode, sharing"/>
    <property name="java.version" value="1.6.0"/>
    <property name="java.ext.dirs" value="C:\Program Files\Java\jdk1.6.0\jre\lib\ext;C:\Windows\Sun\Java\lib\ext"/>
    <property name="sun.boot.class.path" value="C:\Program Files\Java\jdk1.6.0\jre\lib\resources.jar;C:\Program Files\Java\jdk1.6.0\jre\lib\rt.jar;C:\Program Files\Java\jdk1.6.0\jre\lib\sunrsasign.jar;C:\Program Files\Java\jdk1.6.0\jre\lib\jsse.jar;C:\Program Files\Java\jdk1.6.0\jre\lib\jce.jar;C:\Program Files\Java\jdk1.6.0\jre\lib\charsets.jar;C:\Program Files\Java\jdk1.6.0\jre\classes"/>
    <property name="java.vendor" value="Sun Microsystems Inc."/>
    <property name="localRepository" value="C:\Users\JSEE\.m2\repository"/>
    <property name="file.separator" value="\"/>
    <property name="java.vendor.url.bug" value="http://java.sun.com/cgi-bin/bugreport.cgi"/>
    <property name="sun.cpu.endian" value="little"/>
    <property name="sun.io.unicode.encoding" value="UnicodeLittle"/>
    <property name="sun.desktop" value="windows"/>
    <property name="sun.cpu.isalist" value="pentium_pro+mmx pentium_pro pentium+mmx pentium i486 i386 i86"/>
  </properties>
  <testcase time="5.02" classname="ph.com.pinoyspringers.salesasst.domain.SalesProfileValidationTest" name="checkMockData"/>
  <testcase time="0.28" classname="ph.com.pinoyspringers.salesasst.domain.SalesProfileValidationTest" name="testCompleteProfileName"/>
  <testcase time="0.032" classname="ph.com.pinoyspringers.salesasst.domain.SalesProfileValidationTest" name="testProfileGenderValues"/>
  <testcase time="0.037" classname="ph.com.pinoyspringers.salesasst.domain.SalesProfileValidationTest" name="testProfileCivilStatusValues"/>
  <testcase time="0.08" classname="ph.com.pinoyspringers.salesasst.domain.SalesProfileValidationTest" name="testCustomValidationMessage"/>
</testsuite>