<?xml version="1.0" encoding="UTF-8" ?>
<testsuite failures="0" time="5.296" errors="0" skipped="0" tests="5" name="ph.com.pinoyspringers.salesasst.domain.SalesProfilePersistenceTest">
  <properties>
    <property name="java.runtime.name" value="Java(TM) SE Runtime Environment"/>
    <property name="sun.boot.library.path" value="C:\Program Files\Java\jdk1.6.0\jre\bin"/>
    <property name="java.vm.version" value="1.6.0-b105"/>
    <property name="java.vm.vendor" value="Sun Microsystems Inc."/>
    <property name="java.vendor.url" value="http://java.sun.com/"/>
    <property name="path.separator" value=";"/>
    <property name="java.vm.name" value="Java HotSpot(TM) Client VM"/>
    <property name="file.encoding.pkg" value="sun.io"/>
    <property name="user.country" value="US"/>
    <property name="sun.java.launcher" value="SUN_STANDARD"/>
    <property name="sun.os.patch.level" value=""/>
    <property name="java.vm.specification.name" value="Java Virtual Machine Specification"/>
    <property name="user.dir" value="C:\Users\JSEE\Documents\JEEProjects\street-developers\pinoyspringers"/>
    <property name="java.runtime.version" value="1.6.0-b105"/>
    <property name="java.awt.graphicsenv" value="sun.awt.Win32GraphicsEnvironment"/>
    <property name="basedir" value="C:\Users\JSEE\Documents\JEEProjects\street-developers\pinoyspringers"/>
    <property name="java.endorsed.dirs" value="C:\Program Files\Java\jdk1.6.0\jre\lib\endorsed"/>
    <property name="os.arch" value="x86"/>
    <property name="surefire.real.class.path" value="C:\Users\JSEE\AppData\Local\Temp\surefirebooter28211.jar"/>
    <property name="java.io.tmpdir" value="C:\Users\JSEE\AppData\Local\Temp\"/>
    <property name="line.separator" value="
"/>
    <property name="java.vm.specification.vendor" value="Sun Microsystems Inc."/>
    <property name="user.variant" value=""/>
    <property name="os.name" value="Windows Vista"/>
    <property name="sun.jnu.encoding" value="Cp1252"/>
    <property name="java.library.path" value="C:\Program Files\Java\jdk1.6.0\jre\bin;.;C:\Windows\Sun\Java\bin;C:\Windows\system32;C:\Windows;C:\Windows\system32;C:\Windows;C:\Windows\System32\Wbem;C:\PROGRA~1\COMMON~1\ULEADS~1\MPEG;C:\Users\JSEE\Documents\android-sdk-windows-1.0_r1\android-sdk-windows-1.0_r1\tools;C:\Users\JSEE\Documents\apache-maven-2.2.0-bin\apache-maven-2.2.0\bin;C:\Users\JSEE\Documents\grails-bin-1.1.1\grails-1.1.1\bin;C:\Users\JSEE\Documents\appengine-java-sdk-1.2.1\appengine-java-sdk-1.2.1\bin;C:\Users\JSEE\Documents\spring-roo-1.0.0.M2\spring-roo-1.0.0.M2\bin;C:\Program Files\MySQL\MySQL Server 5.4\bin;C:\Program Files\QuickTime\QTSystem\"/>
    <property name="surefire.test.class.path" value="C:\Users\JSEE\Documents\JEEProjects\street-developers\pinoyspringers\target\test-classes;C:\Users\JSEE\Documents\JEEProjects\street-developers\pinoyspringers\target\classes;C:\Users\JSEE\.m2\repository\org\junit\com.springsource.org.junit\4.7.0\com.springsource.org.junit-4.7.0.jar;C:\Users\JSEE\.m2\repository\org\apache\log4j\com.springsource.org.apache.log4j\1.2.15\com.springsource.org.apache.log4j-1.2.15.jar;C:\Users\JSEE\.m2\repository\org\apache\commons\com.springsource.org.apache.commons.logging\1.1.1\com.springsource.org.apache.commons.logging-1.1.1.jar;C:\Users\JSEE\.m2\repository\org\aspectj\com.springsource.org.aspectj.runtime\1.6.3.RELEASE\com.springsource.org.aspectj.runtime-1.6.3.RELEASE.jar;C:\Users\JSEE\.m2\repository\javax\servlet\com.springsource.javax.servlet\2.5.0\com.springsource.javax.servlet-2.5.0.jar;C:\Users\JSEE\.m2\repository\xerces\xercesImpl\2.8.1\xercesImpl-2.8.1.jar;C:\Users\JSEE\.m2\repository\xml-apis\xml-apis\1.3.03\xml-apis-1.3.03.jar;C:\Users\JSEE\.m2\repository\org\springframework\org.springframework.core\3.0.0.RELEASE\org.springframework.core-3.0.0.RELEASE.jar;C:\Users\JSEE\.m2\repository\org\springframework\org.springframework.test\3.0.0.RELEASE\org.springframework.test-3.0.0.RELEASE.jar;C:\Users\JSEE\.m2\repository\org\springframework\org.springframework.context\3.0.0.RELEASE\org.springframework.context-3.0.0.RELEASE.jar;C:\Users\JSEE\.m2\repository\org\springframework\org.springframework.asm\3.0.0.RELEASE\org.springframework.asm-3.0.0.RELEASE.jar;C:\Users\JSEE\.m2\repository\org\springframework\org.springframework.aop\3.0.0.RELEASE\org.springframework.aop-3.0.0.RELEASE.jar;C:\Users\JSEE\.m2\repository\org\aopalliance\com.springsource.org.aopalliance\1.0.0\com.springsource.org.aopalliance-1.0.0.jar;C:\Users\JSEE\.m2\repository\org\springframework\org.springframework.beans\3.0.0.RELEASE\org.springframework.beans-3.0.0.RELEASE.jar;C:\Users\JSEE\.m2\repository\org\springframework\org.springframework.expression\3.0.0.RELEASE\org.springframework.expression-3.0.0.RELEASE.jar;C:\Users\JSEE\.m2\repository\org\springframework\org.springframework.aspects\3.0.0.RELEASE\org.springframework.aspects-3.0.0.RELEASE.jar;C:\Users\JSEE\.m2\repository\org\springframework\org.springframework.orm\3.0.0.RELEASE\org.springframework.orm-3.0.0.RELEASE.jar;C:\Users\JSEE\.m2\repository\org\springframework\org.springframework.jdbc\3.0.0.RELEASE\org.springframework.jdbc-3.0.0.RELEASE.jar;C:\Users\JSEE\.m2\repository\org\springframework\org.springframework.transaction\3.0.0.RELEASE\org.springframework.transaction-3.0.0.RELEASE.jar;C:\Users\JSEE\.m2\repository\org\hibernate\com.springsource.org.hibernate.ejb\3.3.2.GA\com.springsource.org.hibernate.ejb-3.3.2.GA.jar;C:\Users\JSEE\.m2\repository\org\jboss\javassist\com.springsource.javassist\3.3.0.ga\com.springsource.javassist-3.3.0.ga.jar;C:\Users\JSEE\.m2\repository\org\dom4j\com.springsource.org.dom4j\1.6.1\com.springsource.org.dom4j-1.6.1.jar;C:\Users\JSEE\.m2\repository\org\hibernate\com.springsource.org.hibernate\3.2.6.ga\com.springsource.org.hibernate-3.2.6.ga.jar;C:\Users\JSEE\.m2\repository\org\apache\commons\com.springsource.org.apache.commons.collections\3.2.0\com.springsource.org.apache.commons.collections-3.2.0.jar;C:\Users\JSEE\.m2\repository\org\antlr\com.springsource.antlr\2.7.6\com.springsource.antlr-2.7.6.jar;C:\Users\JSEE\.m2\repository\net\sourceforge\cglib\com.springsource.net.sf.cglib\2.1.3\com.springsource.net.sf.cglib-2.1.3.jar;C:\Users\JSEE\.m2\repository\org\objectweb\asm\com.springsource.org.objectweb.asm\1.5.3\com.springsource.org.objectweb.asm-1.5.3.jar;C:\Users\JSEE\.m2\repository\org\objectweb\asm\com.springsource.org.objectweb.asm.attrs\1.5.3\com.springsource.org.objectweb.asm.attrs-1.5.3.jar;C:\Users\JSEE\.m2\repository\org\hibernate\com.springsource.org.hibernate.annotations.common\3.3.0.ga\com.springsource.org.hibernate.annotations.common-3.3.0.ga.jar;C:\Users\JSEE\.m2\repository\org\jboss\util\com.springsource.org.jboss.util\2.0.4.GA\com.springsource.org.jboss.util-2.0.4.GA.jar;C:\Users\JSEE\.m2\repository\org\slf4j\com.springsource.slf4j.log4j\1.5.6\com.springsource.slf4j.log4j-1.5.6.jar;C:\Users\JSEE\.m2\repository\org\slf4j\com.springsource.slf4j.api\1.5.6\com.springsource.slf4j.api-1.5.6.jar;C:\Users\JSEE\.m2\repository\org\hibernate\com.springsource.org.hibernate.validator\4.0.0.Alpha3\com.springsource.org.hibernate.validator-4.0.0.Alpha3.jar;C:\Users\JSEE\.m2\repository\com\googlecode\jtype\com.springsource.com.googlecode.jtype\0.1.0\com.springsource.com.googlecode.jtype-0.1.0.jar;C:\Users\JSEE\.m2\repository\javax\validation\com.springsource.javax.validation\1.0.0.CR1\com.springsource.javax.validation-1.0.0.CR1.jar;C:\Users\JSEE\.m2\repository\javax\persistence\persistence-api\1.0\persistence-api-1.0.jar;C:\Users\JSEE\.m2\repository\org\hibernate\com.springsource.org.hibernate.annotations\3.3.1.ga\com.springsource.org.hibernate.annotations-3.3.1.ga.jar;C:\Users\JSEE\.m2\repository\javax\transaction\jta\1.1\jta-1.1.jar;C:\Users\JSEE\.m2\repository\mysql\mysql-connector-java\5.1.5\mysql-connector-java-5.1.5.jar;C:\Users\JSEE\.m2\repository\postgresql\postgresql\8.2-507.jdbc3\postgresql-8.2-507.jdbc3.jar;C:\Users\JSEE\.m2\repository\commons-dbcp\commons-dbcp\1.2.2\commons-dbcp-1.2.2.jar;C:\Users\JSEE\.m2\repository\commons-pool\commons-pool\1.3\commons-pool-1.3.jar;"/>
    <property name="java.specification.name" value="Java Platform API Specification"/>
    <property name="java.class.version" value="50.0"/>
    <property name="sun.management.compiler" value="HotSpot Client Compiler"/>
    <property name="os.version" value="6.0"/>
    <property name="user.home" value="C:\Users\JSEE"/>
    <property name="user.timezone" value="Asia/Shanghai"/>
    <property name="java.awt.printerjob" value="sun.awt.windows.WPrinterJob"/>
    <property name="java.specification.version" value="1.6"/>
    <property name="file.encoding" value="Cp1252"/>
    <property name="user.name" value="JSEE"/>
    <property name="java.class.path" value="C:\Users\JSEE\Documents\JEEProjects\street-developers\pinoyspringers\target\test-classes;C:\Users\JSEE\Documents\JEEProjects\street-developers\pinoyspringers\target\classes;C:\Users\JSEE\.m2\repository\org\junit\com.springsource.org.junit\4.7.0\com.springsource.org.junit-4.7.0.jar;C:\Users\JSEE\.m2\repository\org\apache\log4j\com.springsource.org.apache.log4j\1.2.15\com.springsource.org.apache.log4j-1.2.15.jar;C:\Users\JSEE\.m2\repository\org\apache\commons\com.springsource.org.apache.commons.logging\1.1.1\com.springsource.org.apache.commons.logging-1.1.1.jar;C:\Users\JSEE\.m2\repository\org\aspectj\com.springsource.org.aspectj.runtime\1.6.3.RELEASE\com.springsource.org.aspectj.runtime-1.6.3.RELEASE.jar;C:\Users\JSEE\.m2\repository\javax\servlet\com.springsource.javax.servlet\2.5.0\com.springsource.javax.servlet-2.5.0.jar;C:\Users\JSEE\.m2\repository\xerces\xercesImpl\2.8.1\xercesImpl-2.8.1.jar;C:\Users\JSEE\.m2\repository\xml-apis\xml-apis\1.3.03\xml-apis-1.3.03.jar;C:\Users\JSEE\.m2\repository\org\springframework\org.springframework.core\3.0.0.RELEASE\org.springframework.core-3.0.0.RELEASE.jar;C:\Users\JSEE\.m2\repository\org\springframework\org.springframework.test\3.0.0.RELEASE\org.springframework.test-3.0.0.RELEASE.jar;C:\Users\JSEE\.m2\repository\org\springframework\org.springframework.context\3.0.0.RELEASE\org.springframework.context-3.0.0.RELEASE.jar;C:\Users\JSEE\.m2\repository\org\springframework\org.springframework.asm\3.0.0.RELEASE\org.springframework.asm-3.0.0.RELEASE.jar;C:\Users\JSEE\.m2\repository\org\springframework\org.springframework.aop\3.0.0.RELEASE\org.springframework.aop-3.0.0.RELEASE.jar;C:\Users\JSEE\.m2\repository\org\aopalliance\com.springsource.org.aopalliance\1.0.0\com.springsource.org.aopalliance-1.0.0.jar;C:\Users\JSEE\.m2\repository\org\springframework\org.springframework.beans\3.0.0.RELEASE\org.springframework.beans-3.0.0.RELEASE.jar;C:\Users\JSEE\.m2\repository\org\springframework\org.springframework.expression\3.0.0.RELEASE\org.springframework.expression-3.0.0.RELEASE.jar;C:\Users\JSEE\.m2\repository\org\springframework\org.springframework.aspects\3.0.0.RELEASE\org.springframework.aspects-3.0.0.RELEASE.jar;C:\Users\JSEE\.m2\repository\org\springframework\org.springframework.orm\3.0.0.RELEASE\org.springframework.orm-3.0.0.RELEASE.jar;C:\Users\JSEE\.m2\repository\org\springframework\org.springframework.jdbc\3.0.0.RELEASE\org.springframework.jdbc-3.0.0.RELEASE.jar;C:\Users\JSEE\.m2\repository\org\springframework\org.springframework.transaction\3.0.0.RELEASE\org.springframework.transaction-3.0.0.RELEASE.jar;C:\Users\JSEE\.m2\repository\org\hibernate\com.springsource.org.hibernate.ejb\3.3.2.GA\com.springsource.org.hibernate.ejb-3.3.2.GA.jar;C:\Users\JSEE\.m2\repository\org\jboss\javassist\com.springsource.javassist\3.3.0.ga\com.springsource.javassist-3.3.0.ga.jar;C:\Users\JSEE\.m2\repository\org\dom4j\com.springsource.org.dom4j\1.6.1\com.springsource.org.dom4j-1.6.1.jar;C:\Users\JSEE\.m2\repository\org\hibernate\com.springsource.org.hibernate\3.2.6.ga\com.springsource.org.hibernate-3.2.6.ga.jar;C:\Users\JSEE\.m2\repository\org\apache\commons\com.springsource.org.apache.commons.collections\3.2.0\com.springsource.org.apache.commons.collections-3.2.0.jar;C:\Users\JSEE\.m2\repository\org\antlr\com.springsource.antlr\2.7.6\com.springsource.antlr-2.7.6.jar;C:\Users\JSEE\.m2\repository\net\sourceforge\cglib\com.springsource.net.sf.cglib\2.1.3\com.springsource.net.sf.cglib-2.1.3.jar;C:\Users\JSEE\.m2\repository\org\objectweb\asm\com.springsource.org.objectweb.asm\1.5.3\com.springsource.org.objectweb.asm-1.5.3.jar;C:\Users\JSEE\.m2\repository\org\objectweb\asm\com.springsource.org.objectweb.asm.attrs\1.5.3\com.springsource.org.objectweb.asm.attrs-1.5.3.jar;C:\Users\JSEE\.m2\repository\org\hibernate\com.springsource.org.hibernate.annotations.common\3.3.0.ga\com.springsource.org.hibernate.annotations.common-3.3.0.ga.jar;C:\Users\JSEE\.m2\repository\org\jboss\util\com.springsource.org.jboss.util\2.0.4.GA\com.springsource.org.jboss.util-2.0.4.GA.jar;C:\Users\JSEE\.m2\repository\org\slf4j\com.springsource.slf4j.log4j\1.5.6\com.springsource.slf4j.log4j-1.5.6.jar;C:\Users\JSEE\.m2\repository\org\slf4j\com.springsource.slf4j.api\1.5.6\com.springsource.slf4j.api-1.5.6.jar;C:\Users\JSEE\.m2\repository\org\hibernate\com.springsource.org.hibernate.validator\4.0.0.Alpha3\com.springsource.org.hibernate.validator-4.0.0.Alpha3.jar;C:\Users\JSEE\.m2\repository\com\googlecode\jtype\com.springsource.com.googlecode.jtype\0.1.0\com.springsource.com.googlecode.jtype-0.1.0.jar;C:\Users\JSEE\.m2\repository\javax\validation\com.springsource.javax.validation\1.0.0.CR1\com.springsource.javax.validation-1.0.0.CR1.jar;C:\Users\JSEE\.m2\repository\javax\persistence\persistence-api\1.0\persistence-api-1.0.jar;C:\Users\JSEE\.m2\repository\org\hibernate\com.springsource.org.hibernate.annotations\3.3.1.ga\com.springsource.org.hibernate.annotations-3.3.1.ga.jar;C:\Users\JSEE\.m2\repository\javax\transaction\jta\1.1\jta-1.1.jar;C:\Users\JSEE\.m2\repository\mysql\mysql-connector-java\5.1.5\mysql-connector-java-5.1.5.jar;C:\Users\JSEE\.m2\repository\postgresql\postgresql\8.2-507.jdbc3\postgresql-8.2-507.jdbc3.jar;C:\Users\JSEE\.m2\repository\commons-dbcp\commons-dbcp\1.2.2\commons-dbcp-1.2.2.jar;C:\Users\JSEE\.m2\repository\commons-pool\commons-pool\1.3\commons-pool-1.3.jar;"/>
    <property name="java.vm.specification.version" value="1.0"/>
    <property name="sun.arch.data.model" value="32"/>
    <property name="java.home" value="C:\Program Files\Java\jdk1.6.0\jre"/>
    <property name="java.specification.vendor" value="Sun Microsystems Inc."/>
    <property name="user.language" value="en"/>
    <property name="awt.toolkit" value="sun.awt.windows.WToolkit"/>
    <property name="java.vm.info" value="mixed mode, sharing"/>
    <property name="java.version" value="1.6.0"/>
    <property name="java.ext.dirs" value="C:\Program Files\Java\jdk1.6.0\jre\lib\ext;C:\Windows\Sun\Java\lib\ext"/>
    <property name="sun.boot.class.path" value="C:\Program Files\Java\jdk1.6.0\jre\lib\resources.jar;C:\Program Files\Java\jdk1.6.0\jre\lib\rt.jar;C:\Program Files\Java\jdk1.6.0\jre\lib\sunrsasign.jar;C:\Program Files\Java\jdk1.6.0\jre\lib\jsse.jar;C:\Program Files\Java\jdk1.6.0\jre\lib\jce.jar;C:\Program Files\Java\jdk1.6.0\jre\lib\charsets.jar;C:\Program Files\Java\jdk1.6.0\jre\classes"/>
    <property name="java.vendor" value="Sun Microsystems Inc."/>
    <property name="localRepository" value="C:\Users\JSEE\.m2\repository"/>
    <property name="file.separator" value="\"/>
    <property name="java.vendor.url.bug" value="http://java.sun.com/cgi-bin/bugreport.cgi"/>
    <property name="sun.cpu.endian" value="little"/>
    <property name="sun.io.unicode.encoding" value="UnicodeLittle"/>
    <property name="sun.desktop" value="windows"/>
    <property name="sun.cpu.isalist" value="pentium_pro+mmx pentium_pro pentium+mmx pentium i486 i386 i86"/>
  </properties>
  <testcase time="1.594" classname="ph.com.pinoyspringers.salesasst.domain.SalesProfilePersistenceTest" name="testRetrieveAll"/>
  <testcase time="1.145" classname="ph.com.pinoyspringers.salesasst.domain.SalesProfilePersistenceTest" name="testRetrieveById"/>
  <testcase time="0.654" classname="ph.com.pinoyspringers.salesasst.domain.SalesProfilePersistenceTest" name="testPersist"/>
  <testcase time="0.942" classname="ph.com.pinoyspringers.salesasst.domain.SalesProfilePersistenceTest" name="testMerge"/>
  <testcase time="0.941" classname="ph.com.pinoyspringers.salesasst.domain.SalesProfilePersistenceTest" name="testDelete"/>
</testsuite>